Hmm ... looks like a package
Converting parsed Rd's to LaTeX .
Creating pdf output from LaTeX ...

This is pdfTeX, Version 3.141592653-2.6-1.40.29 (TeX Live 2026) (preloaded format=pdflatex)
 restricted \write18 enabled.
entering extended mode
LaTeX2e <2025-11-01>
L3 programming layer <2026-03-20>
(./Rd2.tex
(/usr/share/texlive/texmf-dist/tex/latex/base/book.cls
Document Class: book 2025/01/22 v1.4n Standard LaTeX document class
(/usr/share/texlive/texmf-dist/tex/latex/base/bk10.clo))
(/usr/share/R/texmf/tex/latex/Rd.sty
(/usr/share/texlive/texmf-dist/tex/latex/base/ifthen.sty)
(/usr/share/texlive/texmf-dist/tex/generic/iftex/iftex.sty)
(/usr/share/texlive/texmf-dist/tex/latex/tools/longtable.sty)
(/usr/share/texlive/texmf-dist/tex/latex/tools/bm.sty)
(/usr/share/texlive/texmf-dist/tex/latex/base/alltt.sty)
(/usr/share/texlive/texmf-dist/tex/latex/tools/verbatim.sty)
(/usr/share/texlive/texmf-dist/tex/latex/url/url.sty)
(/usr/share/texlive/texmf-dist/tex/latex/base/textcomp.sty)
(/usr/share/texlive/texmf-dist/tex/latex/amsmath/amsmath.sty
For additional information on amsmath, use the `?' option.
(/usr/share/texlive/texmf-dist/tex/latex/amsmath/amstext.sty
(/usr/share/texlive/texmf-dist/tex/latex/amsmath/amsgen.sty))
(/usr/share/texlive/texmf-dist/tex/latex/amsmath/amsbsy.sty)
(/usr/share/texlive/texmf-dist/tex/latex/amsmath/amsopn.sty))
(/usr/share/texlive/texmf-dist/tex/latex/amsfonts/amsfonts.sty)
(/usr/share/texlive/texmf-dist/tex/latex/amsfonts/amssymb.sty)
(/usr/share/texlive/texmf-dist/tex/latex/jknapltx/mathrsfs.sty)
(/usr/share/texlive/texmf-dist/tex/latex/base/fontenc.sty)
(/usr/share/texlive/texmf-dist/tex/latex/psnfss/times.sty)
(/usr/share/texlive/texmf-dist/tex/latex/inconsolata/zi4.sty
`inconsolata-zi4' v1.12, 2019/05/17 Text macros for Inconsolata (msharpe)
(/usr/share/texlive/texmf-dist/tex/latex/xkeyval/xkeyval.sty
(/usr/share/texlive/texmf-dist/tex/generic/xkeyval/xkeyval.tex
(/usr/share/texlive/texmf-dist/tex/generic/xkeyval/xkvutils.tex
(/usr/share/texlive/texmf-dist/tex/generic/xkeyval/keyval.tex)))))
(/usr/share/texlive/texmf-dist/tex/latex/graphics/color.sty
(/usr/share/texlive/texmf-dist/tex/latex/graphics-cfg/color.cfg)
(/usr/share/texlive/texmf-dist/tex/latex/graphics-def/pdftex.def)
(/usr/share/texlive/texmf-dist/tex/latex/graphics/mathcolor.ltx))
(/usr/share/texlive/texmf-dist/tex/latex/hyperref/hyperref.sty
(/usr/share/texlive/texmf-dist/tex/latex/kvsetkeys/kvsetkeys.sty)
(/usr/share/texlive/texmf-dist/tex/generic/kvdefinekeys/kvdefinekeys.sty)
(/usr/share/texlive/texmf-dist/tex/generic/pdfescape/pdfescape.sty
(/usr/share/texlive/texmf-dist/tex/generic/ltxcmds/ltxcmds.sty)
(/usr/share/texlive/texmf-dist/tex/generic/pdftexcmds/pdftexcmds.sty
(/usr/share/texlive/texmf-dist/tex/generic/infwarerr/infwarerr.sty)))
(/usr/share/texlive/texmf-dist/tex/latex/hycolor/hycolor.sty)
(/usr/share/texlive/texmf-dist/tex/latex/hyperref/nameref.sty
(/usr/share/texlive/texmf-dist/tex/latex/refcount/refcount.sty)
(/usr/share/texlive/texmf-dist/tex/generic/gettitlestring/gettitlestring.sty
(/usr/share/texlive/texmf-dist/tex/latex/kvoptions/kvoptions.sty)))
(/usr/share/texlive/texmf-dist/tex/latex/etoolbox/etoolbox.sty)
(/usr/share/texlive/texmf-dist/tex/generic/stringenc/stringenc.sty)
(/usr/share/texlive/texmf-dist/tex/latex/hyperref/pd1enc.def)
(/usr/share/texlive/texmf-dist/tex/generic/intcalc/intcalc.sty)
(/usr/share/texlive/texmf-dist/tex/latex/hyperref/puenc.def)
(/usr/share/texlive/texmf-dist/tex/generic/bitset/bitset.sty
(/usr/share/texlive/texmf-dist/tex/generic/bigintcalc/bigintcalc.sty)))
(/usr/share/texlive/texmf-dist/tex/latex/hyperref/hpdftex.def
(/usr/share/texlive/texmf-dist/tex/latex/rerunfilecheck/rerunfilecheck.sty
(/usr/share/texlive/texmf-dist/tex/generic/uniquecounter/uniquecounter.sty))))
(/usr/share/texlive/texmf-dist/tex/latex/base/makeidx.sty)
Writing index file Rd2.idx
(/usr/share/texlive/texmf-dist/tex/latex/psnfss/t1ptm.fd)
(/usr/share/texlive/texmf-dist/tex/latex/l3backend/l3backend-pdftex.def)
No file Rd2.aux.
(/usr/share/texlive/texmf-dist/tex/context/base/mkii/supp-pdf.mkii
[Loading MPS to PDF converter (version 2006.09.02).]
) (/usr/share/texlive/texmf-dist/tex/latex/inconsolata/t1zi4.fd)
No file Rd2.toc.
(/usr/share/texlive/texmf-dist/tex/latex/amsfonts/umsa.fd)
(/usr/share/texlive/texmf-dist/tex/latex/amsfonts/umsb.fd)
(/usr/share/texlive/texmf-dist/tex/latex/jknapltx/ursfs.fd)
(/usr/share/texlive/texmf-dist/tex/latex/psnfss/ts1ptm.fd) [1{/var/lib/texmf/fo
nts/map/pdftex/updmap/pdftex.map}{/usr/share/texlive/texmf-dist/fonts/enc/dvips
/base/8r.enc}{/usr/share/texlive/texmf-dist/fonts/enc/dvips/inconsolata/i4-t1-0
.enc}] [2] [3] [4]
Overfull \hbox (21.0281pt too wide) in paragraph at lines 229--231
[]\T1/ptm/m/n/10 Computes Monte Carlo sum-maries from a sim-u-la-tion re-turned
 by []\T1/zi4/m/n/10 birth_death_brownian_simulate()[]\T1/ptm/m/n/10 . 
[5]
Overfull \hbox (12.34973pt too wide) in paragraph at lines 335--337
[]\T1/ptm/m/n/10 Optional data frame re-turned by []\T1/zi4/m/n/10 empirical_va
riance_compute_expectation()[]\T1/ptm/m/n/10 . 

Overfull \hbox (17.34973pt too wide) in paragraph at lines 338--341
[]\T1/ptm/m/n/10 Optional data frame re-turned by []\T1/zi4/m/n/10 empirical_va
riance_summarise_simulation()[]\T1/ptm/m/n/10 .
[6]
Overfull \hbox (21.0281pt too wide) in paragraph at lines 396--398
[]\T1/ptm/m/n/10 Computes Monte Carlo sum-maries from a sim-u-la-tion re-turned
 by []\T1/zi4/m/n/10 birth_death_brownian_simulate()[]\T1/ptm/m/n/10 . 
[7] [8] [9]
Overfull \hbox (131.87958pt too wide) in paragraph at lines 512--514
[]\T1/ptm/m/n/10 A []\T1/zi4/m/n/10 fixed_tree_theoretical_summary []\T1/ptm/m/
n/10 ob-ject, as re-turned by []\T1/zi4/m/n/10 fixed_tree_compute_theoretical_s
ummary()[]\T1/ptm/m/n/10 . 
[10]
Overfull \hbox (0.15822pt too wide) in paragraph at lines 606--608
[]\T1/ptm/m/n/10 Optional num-ber of in-ter-nal subin-ter-vals; when sup-plied 
it over-rides []\T1/zi4/m/n/10 time_step[]\T1/ptm/m/n/10 . 
[11] [12]
No file Rd2.ind.
[13] (/tmp/RtmpUCthlY/Rd2pdf63eacad0d/Rd2.aux)

Package rerunfilecheck Warning: File `Rd2.out' has changed.
(rerunfilecheck)                Rerun to get outlines right
(rerunfilecheck)                or use package `bookmark'.

 )
(see the transcript file for additional information)
pdfTeX warning (dest): name{Rfn.graphics::plot\(\)} has been referenced but doe
s not exist, replaced by a fixed one

</usr/share/texlive/texmf-dist/fonts/type1/public/inconsolata/Inconsolata-zi4r.
pfb></usr/share/texlive/texmf-dist/fonts/type1/urw/times/utmb8a.pfb></usr/share
/texlive/texmf-dist/fonts/type1/urw/times/utmr8a.pfb></usr/share/texlive/texmf-
dist/fonts/type1/urw/times/utmr8a.pfb></usr/share/texlive/texmf-dist/fonts/type
1/urw/times/utmri8a.pfb>
Output written on Rd2.pdf (13 pages, 94749 bytes).
Transcript written on Rd2.log.
This is makeindex, version 2.18 [TeX Live 2026] (kpathsea + Thai support).
Scanning input file Rd2.idx....done (22 entries accepted, 0 rejected).
Sorting entries....done (96 comparisons).
Generating output file Rd2.ind....done (56 lines written, 0 warnings).
Output written in Rd2.ind.
Transcript written in Rd2.ilg.
This is pdfTeX, Version 3.141592653-2.6-1.40.29 (TeX Live 2026) (preloaded format=pdflatex)
 restricted \write18 enabled.
entering extended mode
LaTeX2e <2025-11-01>
L3 programming layer <2026-03-20>
(./Rd2.tex
(/usr/share/texlive/texmf-dist/tex/latex/base/book.cls
Document Class: book 2025/01/22 v1.4n Standard LaTeX document class
(/usr/share/texlive/texmf-dist/tex/latex/base/bk10.clo))
(/usr/share/R/texmf/tex/latex/Rd.sty
(/usr/share/texlive/texmf-dist/tex/latex/base/ifthen.sty)
(/usr/share/texlive/texmf-dist/tex/generic/iftex/iftex.sty)
(/usr/share/texlive/texmf-dist/tex/latex/tools/longtable.sty)
(/usr/share/texlive/texmf-dist/tex/latex/tools/bm.sty)
(/usr/share/texlive/texmf-dist/tex/latex/base/alltt.sty)
(/usr/share/texlive/texmf-dist/tex/latex/tools/verbatim.sty)
(/usr/share/texlive/texmf-dist/tex/latex/url/url.sty)
(/usr/share/texlive/texmf-dist/tex/latex/base/textcomp.sty)
(/usr/share/texlive/texmf-dist/tex/latex/amsmath/amsmath.sty
For additional information on amsmath, use the `?' option.
(/usr/share/texlive/texmf-dist/tex/latex/amsmath/amstext.sty
(/usr/share/texlive/texmf-dist/tex/latex/amsmath/amsgen.sty))
(/usr/share/texlive/texmf-dist/tex/latex/amsmath/amsbsy.sty)
(/usr/share/texlive/texmf-dist/tex/latex/amsmath/amsopn.sty))
(/usr/share/texlive/texmf-dist/tex/latex/amsfonts/amsfonts.sty)
(/usr/share/texlive/texmf-dist/tex/latex/amsfonts/amssymb.sty)
(/usr/share/texlive/texmf-dist/tex/latex/jknapltx/mathrsfs.sty)
(/usr/share/texlive/texmf-dist/tex/latex/base/fontenc.sty)
(/usr/share/texlive/texmf-dist/tex/latex/psnfss/times.sty)
(/usr/share/texlive/texmf-dist/tex/latex/inconsolata/zi4.sty
`inconsolata-zi4' v1.12, 2019/05/17 Text macros for Inconsolata (msharpe)
(/usr/share/texlive/texmf-dist/tex/latex/xkeyval/xkeyval.sty
(/usr/share/texlive/texmf-dist/tex/generic/xkeyval/xkeyval.tex
(/usr/share/texlive/texmf-dist/tex/generic/xkeyval/xkvutils.tex
(/usr/share/texlive/texmf-dist/tex/generic/xkeyval/keyval.tex)))))
(/usr/share/texlive/texmf-dist/tex/latex/graphics/color.sty
(/usr/share/texlive/texmf-dist/tex/latex/graphics-cfg/color.cfg)
(/usr/share/texlive/texmf-dist/tex/latex/graphics-def/pdftex.def)
(/usr/share/texlive/texmf-dist/tex/latex/graphics/mathcolor.ltx))
(/usr/share/texlive/texmf-dist/tex/latex/hyperref/hyperref.sty
(/usr/share/texlive/texmf-dist/tex/latex/kvsetkeys/kvsetkeys.sty)
(/usr/share/texlive/texmf-dist/tex/generic/kvdefinekeys/kvdefinekeys.sty)
(/usr/share/texlive/texmf-dist/tex/generic/pdfescape/pdfescape.sty
(/usr/share/texlive/texmf-dist/tex/generic/ltxcmds/ltxcmds.sty)
(/usr/share/texlive/texmf-dist/tex/generic/pdftexcmds/pdftexcmds.sty
(/usr/share/texlive/texmf-dist/tex/generic/infwarerr/infwarerr.sty)))
(/usr/share/texlive/texmf-dist/tex/latex/hycolor/hycolor.sty)
(/usr/share/texlive/texmf-dist/tex/latex/hyperref/nameref.sty
(/usr/share/texlive/texmf-dist/tex/latex/refcount/refcount.sty)
(/usr/share/texlive/texmf-dist/tex/generic/gettitlestring/gettitlestring.sty
(/usr/share/texlive/texmf-dist/tex/latex/kvoptions/kvoptions.sty)))
(/usr/share/texlive/texmf-dist/tex/latex/etoolbox/etoolbox.sty)
(/usr/share/texlive/texmf-dist/tex/generic/stringenc/stringenc.sty)
(/usr/share/texlive/texmf-dist/tex/latex/hyperref/pd1enc.def)
(/usr/share/texlive/texmf-dist/tex/generic/intcalc/intcalc.sty)
(/usr/share/texlive/texmf-dist/tex/latex/hyperref/puenc.def)
(/usr/share/texlive/texmf-dist/tex/generic/bitset/bitset.sty
(/usr/share/texlive/texmf-dist/tex/generic/bigintcalc/bigintcalc.sty)))
(/usr/share/texlive/texmf-dist/tex/latex/hyperref/hpdftex.def
(/usr/share/texlive/texmf-dist/tex/latex/rerunfilecheck/rerunfilecheck.sty
(/usr/share/texlive/texmf-dist/tex/generic/uniquecounter/uniquecounter.sty))))
(/usr/share/texlive/texmf-dist/tex/latex/base/makeidx.sty)
Writing index file Rd2.idx
(/usr/share/texlive/texmf-dist/tex/latex/psnfss/t1ptm.fd)
(/usr/share/texlive/texmf-dist/tex/latex/l3backend/l3backend-pdftex.def)
(/tmp/RtmpUCthlY/Rd2pdf63eacad0d/Rd2.aux)
(/usr/share/texlive/texmf-dist/tex/context/base/mkii/supp-pdf.mkii
[Loading MPS to PDF converter (version 2006.09.02).]
) (/tmp/RtmpUCthlY/Rd2pdf63eacad0d/Rd2.out)
(/tmp/RtmpUCthlY/Rd2pdf63eacad0d/Rd2.out)
(/usr/share/texlive/texmf-dist/tex/latex/inconsolata/t1zi4.fd)
(/tmp/RtmpUCthlY/Rd2pdf63eacad0d/Rd2.toc
(/usr/share/texlive/texmf-dist/tex/latex/amsfonts/umsa.fd)
(/usr/share/texlive/texmf-dist/tex/latex/amsfonts/umsb.fd)
(/usr/share/texlive/texmf-dist/tex/latex/jknapltx/ursfs.fd)) [1{/var/lib/texmf/
fonts/map/pdftex/updmap/pdftex.map}{/usr/share/texlive/texmf-dist/fonts/enc/dvi
ps/base/8r.enc}{/usr/share/texlive/texmf-dist/fonts/enc/dvips/inconsolata/i4-t1
-0.enc}] (/usr/share/texlive/texmf-dist/tex/latex/psnfss/ts1ptm.fd) [2]
[3] [4]
Overfull \hbox (21.0281pt too wide) in paragraph at lines 229--231
[]\T1/ptm/m/n/10 Computes Monte Carlo sum-maries from a sim-u-la-tion re-turned
 by []\T1/zi4/m/n/10 birth_death_brownian_simulate()[]\T1/ptm/m/n/10 . 
[5] [6]
Overfull \hbox (12.34973pt too wide) in paragraph at lines 335--337
[]\T1/ptm/m/n/10 Optional data frame re-turned by []\T1/zi4/m/n/10 empirical_va
riance_compute_expectation()[]\T1/ptm/m/n/10 . 

Overfull \hbox (17.34973pt too wide) in paragraph at lines 338--341
[]\T1/ptm/m/n/10 Optional data frame re-turned by []\T1/zi4/m/n/10 empirical_va
riance_summarise_simulation()[]\T1/ptm/m/n/10 .
[7]
Overfull \hbox (21.0281pt too wide) in paragraph at lines 396--398
[]\T1/ptm/m/n/10 Computes Monte Carlo sum-maries from a sim-u-la-tion re-turned
 by []\T1/zi4/m/n/10 birth_death_brownian_simulate()[]\T1/ptm/m/n/10 . 
[8] [9]
Overfull \hbox (131.87958pt too wide) in paragraph at lines 512--514
[]\T1/ptm/m/n/10 A []\T1/zi4/m/n/10 fixed_tree_theoretical_summary []\T1/ptm/m/
n/10 ob-ject, as re-turned by []\T1/zi4/m/n/10 fixed_tree_compute_theoretical_s
ummary()[]\T1/ptm/m/n/10 . 
[10] [11]
Overfull \hbox (0.15822pt too wide) in paragraph at lines 606--608
[]\T1/ptm/m/n/10 Optional num-ber of in-ter-nal subin-ter-vals; when sup-plied 
it over-rides []\T1/zi4/m/n/10 time_step[]\T1/ptm/m/n/10 . 
[12] (/tmp/RtmpUCthlY/Rd2pdf63eacad0d/Rd2.ind [13]
Overfull \hbox (8.3567pt too wide) in paragraph at lines 4--6
[]| \T1/zi4/m/n/10 empirical_mean_summarise_simulation\T1/ptm/m/n/10 , 

Overfull \hbox (28.3567pt too wide) in paragraph at lines 6--8
[]| \T1/zi4/m/n/10 empirical_variance_summarise_simulation\T1/ptm/m/n/10 , 

Overfull \hbox (3.3567pt too wide) in paragraph at lines 21--23
[]\T1/zi4/m/n/10 empirical_variance_compute_expectation\T1/ptm/m/n/10 , 

Overfull \hbox (8.3567pt too wide) in paragraph at lines 26--28
[]\T1/zi4/m/n/10 empirical_variance_summarise_simulation\T1/ptm/m/n/10 , 

Overfull \hbox (3.3567pt too wide) in paragraph at lines 31--33
[]\T1/zi4/m/n/10 fixed_tree_compute_theoretical_summary\T1/ptm/m/n/10 , 

Overfull \hbox (13.3567pt too wide) in paragraph at lines 37--39
[]\T1/zi4/m/n/10 fixed_tree_simulate_brownian_realization\T1/ptm/m/n/10 , 

LaTeX Font Warning: Font shape `T1/zi4/m/it' undefined
(Font)              using `T1/zi4/m/n' instead on input line 52.

[14]) (/tmp/RtmpUCthlY/Rd2pdf63eacad0d/Rd2.aux)

LaTeX Font Warning: Some font shapes were not available, defaults substituted.


Package rerunfilecheck Warning: File `Rd2.out' has changed.
(rerunfilecheck)                Rerun to get outlines right
(rerunfilecheck)                or use package `bookmark'.

 )
(see the transcript file for additional information)
pdfTeX warning (dest): name{Rfn.graphics::plot\(\)} has been referenced but doe
s not exist, replaced by a fixed one

</usr/share/texlive/texmf-dist/fonts/type1/public/inconsolata/Inconsolata-zi4r.
pfb></usr/share/texlive/texmf-dist/fonts/type1/public/amsfonts/cm/cmsy10.pfb></
usr/share/texlive/texmf-dist/fonts/type1/urw/times/utmb8a.pfb></usr/share/texli
ve/texmf-dist/fonts/type1/urw/times/utmr8a.pfb></usr/share/texlive/texmf-dist/f
onts/type1/urw/times/utmr8a.pfb></usr/share/texlive/texmf-dist/fonts/type1/urw/
times/utmri8a.pfb>
Output written on Rd2.pdf (14 pages, 107536 bytes).
Transcript written on Rd2.log.
This is makeindex, version 2.18 [TeX Live 2026] (kpathsea + Thai support).
Scanning input file Rd2.idx....done (22 entries accepted, 0 rejected).
Sorting entries....done (96 comparisons).
Generating output file Rd2.ind....done (56 lines written, 0 warnings).
Output written in Rd2.ind.
Transcript written in Rd2.ilg.
This is pdfTeX, Version 3.141592653-2.6-1.40.29 (TeX Live 2026) (preloaded format=pdflatex)
 restricted \write18 enabled.
entering extended mode
LaTeX2e <2025-11-01>
L3 programming layer <2026-03-20>
(./Rd2.tex
(/usr/share/texlive/texmf-dist/tex/latex/base/book.cls
Document Class: book 2025/01/22 v1.4n Standard LaTeX document class
(/usr/share/texlive/texmf-dist/tex/latex/base/bk10.clo))
(/usr/share/R/texmf/tex/latex/Rd.sty
(/usr/share/texlive/texmf-dist/tex/latex/base/ifthen.sty)
(/usr/share/texlive/texmf-dist/tex/generic/iftex/iftex.sty)
(/usr/share/texlive/texmf-dist/tex/latex/tools/longtable.sty)
(/usr/share/texlive/texmf-dist/tex/latex/tools/bm.sty)
(/usr/share/texlive/texmf-dist/tex/latex/base/alltt.sty)
(/usr/share/texlive/texmf-dist/tex/latex/tools/verbatim.sty)
(/usr/share/texlive/texmf-dist/tex/latex/url/url.sty)
(/usr/share/texlive/texmf-dist/tex/latex/base/textcomp.sty)
(/usr/share/texlive/texmf-dist/tex/latex/amsmath/amsmath.sty
For additional information on amsmath, use the `?' option.
(/usr/share/texlive/texmf-dist/tex/latex/amsmath/amstext.sty
(/usr/share/texlive/texmf-dist/tex/latex/amsmath/amsgen.sty))
(/usr/share/texlive/texmf-dist/tex/latex/amsmath/amsbsy.sty)
(/usr/share/texlive/texmf-dist/tex/latex/amsmath/amsopn.sty))
(/usr/share/texlive/texmf-dist/tex/latex/amsfonts/amsfonts.sty)
(/usr/share/texlive/texmf-dist/tex/latex/amsfonts/amssymb.sty)
(/usr/share/texlive/texmf-dist/tex/latex/jknapltx/mathrsfs.sty)
(/usr/share/texlive/texmf-dist/tex/latex/base/fontenc.sty)
(/usr/share/texlive/texmf-dist/tex/latex/psnfss/times.sty)
(/usr/share/texlive/texmf-dist/tex/latex/inconsolata/zi4.sty
`inconsolata-zi4' v1.12, 2019/05/17 Text macros for Inconsolata (msharpe)
(/usr/share/texlive/texmf-dist/tex/latex/xkeyval/xkeyval.sty
(/usr/share/texlive/texmf-dist/tex/generic/xkeyval/xkeyval.tex
(/usr/share/texlive/texmf-dist/tex/generic/xkeyval/xkvutils.tex
(/usr/share/texlive/texmf-dist/tex/generic/xkeyval/keyval.tex)))))
(/usr/share/texlive/texmf-dist/tex/latex/graphics/color.sty
(/usr/share/texlive/texmf-dist/tex/latex/graphics-cfg/color.cfg)
(/usr/share/texlive/texmf-dist/tex/latex/graphics-def/pdftex.def)
(/usr/share/texlive/texmf-dist/tex/latex/graphics/mathcolor.ltx))
(/usr/share/texlive/texmf-dist/tex/latex/hyperref/hyperref.sty
(/usr/share/texlive/texmf-dist/tex/latex/kvsetkeys/kvsetkeys.sty)
(/usr/share/texlive/texmf-dist/tex/generic/kvdefinekeys/kvdefinekeys.sty)
(/usr/share/texlive/texmf-dist/tex/generic/pdfescape/pdfescape.sty
(/usr/share/texlive/texmf-dist/tex/generic/ltxcmds/ltxcmds.sty)
(/usr/share/texlive/texmf-dist/tex/generic/pdftexcmds/pdftexcmds.sty
(/usr/share/texlive/texmf-dist/tex/generic/infwarerr/infwarerr.sty)))
(/usr/share/texlive/texmf-dist/tex/latex/hycolor/hycolor.sty)
(/usr/share/texlive/texmf-dist/tex/latex/hyperref/nameref.sty
(/usr/share/texlive/texmf-dist/tex/latex/refcount/refcount.sty)
(/usr/share/texlive/texmf-dist/tex/generic/gettitlestring/gettitlestring.sty
(/usr/share/texlive/texmf-dist/tex/latex/kvoptions/kvoptions.sty)))
(/usr/share/texlive/texmf-dist/tex/latex/etoolbox/etoolbox.sty)
(/usr/share/texlive/texmf-dist/tex/generic/stringenc/stringenc.sty)
(/usr/share/texlive/texmf-dist/tex/latex/hyperref/pd1enc.def)
(/usr/share/texlive/texmf-dist/tex/generic/intcalc/intcalc.sty)
(/usr/share/texlive/texmf-dist/tex/latex/hyperref/puenc.def)
(/usr/share/texlive/texmf-dist/tex/generic/bitset/bitset.sty
(/usr/share/texlive/texmf-dist/tex/generic/bigintcalc/bigintcalc.sty)))
(/usr/share/texlive/texmf-dist/tex/latex/hyperref/hpdftex.def
(/usr/share/texlive/texmf-dist/tex/latex/rerunfilecheck/rerunfilecheck.sty
(/usr/share/texlive/texmf-dist/tex/generic/uniquecounter/uniquecounter.sty))))
(/usr/share/texlive/texmf-dist/tex/latex/base/makeidx.sty)
Writing index file Rd2.idx
(/usr/share/texlive/texmf-dist/tex/latex/psnfss/t1ptm.fd)
(/usr/share/texlive/texmf-dist/tex/latex/l3backend/l3backend-pdftex.def)
(/tmp/RtmpUCthlY/Rd2pdf63eacad0d/Rd2.aux)
(/usr/share/texlive/texmf-dist/tex/context/base/mkii/supp-pdf.mkii
[Loading MPS to PDF converter (version 2006.09.02).]
) (/tmp/RtmpUCthlY/Rd2pdf63eacad0d/Rd2.out)
(/tmp/RtmpUCthlY/Rd2pdf63eacad0d/Rd2.out)
(/usr/share/texlive/texmf-dist/tex/latex/inconsolata/t1zi4.fd)
(/tmp/RtmpUCthlY/Rd2pdf63eacad0d/Rd2.toc
(/usr/share/texlive/texmf-dist/tex/latex/amsfonts/umsa.fd)
(/usr/share/texlive/texmf-dist/tex/latex/amsfonts/umsb.fd)
(/usr/share/texlive/texmf-dist/tex/latex/jknapltx/ursfs.fd)) [1{/var/lib/texmf/
fonts/map/pdftex/updmap/pdftex.map}{/usr/share/texlive/texmf-dist/fonts/enc/dvi
ps/base/8r.enc}{/usr/share/texlive/texmf-dist/fonts/enc/dvips/inconsolata/i4-t1
-0.enc}] (/usr/share/texlive/texmf-dist/tex/latex/psnfss/ts1ptm.fd) [2]
[3] [4]
Overfull \hbox (21.0281pt too wide) in paragraph at lines 229--231
[]\T1/ptm/m/n/10 Computes Monte Carlo sum-maries from a sim-u-la-tion re-turned
 by []\T1/zi4/m/n/10 birth_death_brownian_simulate()[]\T1/ptm/m/n/10 . 
[5] [6]
Overfull \hbox (12.34973pt too wide) in paragraph at lines 335--337
[]\T1/ptm/m/n/10 Optional data frame re-turned by []\T1/zi4/m/n/10 empirical_va
riance_compute_expectation()[]\T1/ptm/m/n/10 . 

Overfull \hbox (17.34973pt too wide) in paragraph at lines 338--341
[]\T1/ptm/m/n/10 Optional data frame re-turned by []\T1/zi4/m/n/10 empirical_va
riance_summarise_simulation()[]\T1/ptm/m/n/10 .
[7]
Overfull \hbox (21.0281pt too wide) in paragraph at lines 396--398
[]\T1/ptm/m/n/10 Computes Monte Carlo sum-maries from a sim-u-la-tion re-turned
 by []\T1/zi4/m/n/10 birth_death_brownian_simulate()[]\T1/ptm/m/n/10 . 
[8] [9]
Overfull \hbox (131.87958pt too wide) in paragraph at lines 512--514
[]\T1/ptm/m/n/10 A []\T1/zi4/m/n/10 fixed_tree_theoretical_summary []\T1/ptm/m/
n/10 ob-ject, as re-turned by []\T1/zi4/m/n/10 fixed_tree_compute_theoretical_s
ummary()[]\T1/ptm/m/n/10 . 
[10] [11]
Overfull \hbox (0.15822pt too wide) in paragraph at lines 606--608
[]\T1/ptm/m/n/10 Optional num-ber of in-ter-nal subin-ter-vals; when sup-plied 
it over-rides []\T1/zi4/m/n/10 time_step[]\T1/ptm/m/n/10 . 
[12] (/tmp/RtmpUCthlY/Rd2pdf63eacad0d/Rd2.ind [13]
Overfull \hbox (8.3567pt too wide) in paragraph at lines 4--6
[]| \T1/zi4/m/n/10 empirical_mean_summarise_simulation\T1/ptm/m/n/10 , 

Overfull \hbox (28.3567pt too wide) in paragraph at lines 6--8
[]| \T1/zi4/m/n/10 empirical_variance_summarise_simulation\T1/ptm/m/n/10 , 

Overfull \hbox (3.3567pt too wide) in paragraph at lines 21--23
[]\T1/zi4/m/n/10 empirical_variance_compute_expectation\T1/ptm/m/n/10 , 

Overfull \hbox (8.3567pt too wide) in paragraph at lines 26--28
[]\T1/zi4/m/n/10 empirical_variance_summarise_simulation\T1/ptm/m/n/10 , 

Overfull \hbox (3.3567pt too wide) in paragraph at lines 31--33
[]\T1/zi4/m/n/10 fixed_tree_compute_theoretical_summary\T1/ptm/m/n/10 , 

Overfull \hbox (13.3567pt too wide) in paragraph at lines 37--39
[]\T1/zi4/m/n/10 fixed_tree_simulate_brownian_realization\T1/ptm/m/n/10 , 

LaTeX Font Warning: Font shape `T1/zi4/m/it' undefined
(Font)              using `T1/zi4/m/n' instead on input line 52.

[14]) (/tmp/RtmpUCthlY/Rd2pdf63eacad0d/Rd2.aux)

LaTeX Font Warning: Some font shapes were not available, defaults substituted.

 )
(see the transcript file for additional information)
pdfTeX warning (dest): name{Rfn.graphics::plot\(\)} has been referenced but doe
s not exist, replaced by a fixed one

</usr/share/texlive/texmf-dist/fonts/type1/public/inconsolata/Inconsolata-zi4r.
pfb></usr/share/texlive/texmf-dist/fonts/type1/public/amsfonts/cm/cmsy10.pfb></
usr/share/texlive/texmf-dist/fonts/type1/urw/times/utmb8a.pfb></usr/share/texli
ve/texmf-dist/fonts/type1/urw/times/utmr8a.pfb></usr/share/texlive/texmf-dist/f
onts/type1/urw/times/utmr8a.pfb></usr/share/texlive/texmf-dist/fonts/type1/urw/
times/utmri8a.pfb>
Output written on Rd2.pdf (14 pages, 108034 bytes).
Transcript written on Rd2.log.
Saving output to ‘PhyloTraitDynamics-manual.pdf’ ...
Done
You may want to clean up by 'rm -Rf /tmp/RtmpUCthlY/Rd2pdf63eacad0d'
